(pocai) justin.hsu@JustindeMacBook-Pro MSExcelFile % python3 src/main.py

======= Analyzing AAPL =======
/Users/justin.hsu/Documents/MSExcelFile/src/main.py:22: FutureWarning: YF.download() has changed argument auto_adjust default to True
  data = yf.download(ticker, start=START_DATE, end=END_DATE, interval="1d")
[*********************100%***********************]  1 of 1 completed
Set parameter Username
Set parameter LicenseID to value 2678152
Academic license - for non-commercial use only - expires 2026-06-14
Fold 1: MAE = 0.003006
Fold 2: MAE = 0.002840
Fold 3: MAE = 0.003030
Fold 4: MAE = 0.003038
Fold 5: MAE = 0.003085
✅ Part I: CV-MAE = 0.003000
Budget 0.5: CV-MAE = 0.009019
Budget 1: CV-MAE = 0.006935
Budget 2: CV-MAE = 0.003499
Budget 5: CV-MAE = 0.003001
Budget 10: CV-MAE = 0.003001
Budget 20: CV-MAE = 0.003001
Budget 50: CV-MAE = 0.003001
✅ Part II: Best budget = 10, CV-MAE = 0.003001

Significant coefficients:
  MA5: -1.3009
  Return_lag1: -0.7700
  Return_lag2: -0.4335
  H_Volatility_0.0085: 0.2458
  H_MA5_-0.0219: 0.1516
Fold 1: Coverage = 0.8700, Mean MSIS = 20.9729
Fold 2: Coverage = 0.8520, Mean MSIS = 27.7674
Fold 3: Coverage = 0.7495, Mean MSIS = 28.8007
Fold 4: Coverage = 0.8016, Mean MSIS = 21.1895
Fold 5: Coverage = 0.8297, Mean MSIS = 17.9952
✅ Part III: Coverage = 0.8206, MSIS = 23.3460

======= Analyzing AMZN =======
/Users/justin.hsu/Documents/MSExcelFile/src/main.py:22: FutureWarning: YF.download() has changed argument auto_adjust default to True
  data = yf.download(ticker, start=START_DATE, end=END_DATE, interval="1d")
[*********************100%***********************]  1 of 1 completed
Fold 1: MAE = 0.003636
Fold 2: MAE = 0.003134
Fold 3: MAE = 0.003584
Fold 4: MAE = 0.003601
Fold 5: MAE = 0.003349
✅ Part I: CV-MAE = 0.003461
Budget 0.5: CV-MAE = 0.010284
Budget 1: CV-MAE = 0.007906
Budget 2: CV-MAE = 0.004016
Budget 5: CV-MAE = 0.003460
Budget 10: CV-MAE = 0.003460
Budget 20: CV-MAE = 0.003460
Budget 50: CV-MAE = 0.003460
✅ Part II: Best budget = 5, CV-MAE = 0.003460

Significant coefficients:
  MA5: -1.3801
  Return_lag1: -0.7418
  Return_lag2: -0.4589
  H_Return_lag2_0.0111: -0.1830
  H_Volatility_0.0067: -0.1511
Fold 1: Coverage = 0.8840, Mean MSIS = 19.6296
Fold 2: Coverage = 0.8560, Mean MSIS = 22.1699
Fold 3: Coverage = 0.8337, Mean MSIS = 30.6247
Fold 4: Coverage = 0.8838, Mean MSIS = 25.2521
Fold 5: Coverage = 0.8958, Mean MSIS = 15.6224
✅ Part III: Coverage = 0.8706, MSIS = 22.6583

======= Analyzing GOOGL =======
/Users/justin.hsu/Documents/MSExcelFile/src/main.py:22: FutureWarning: YF.download() has changed argument auto_adjust default to True
  data = yf.download(ticker, start=START_DATE, end=END_DATE, interval="1d")
[*********************100%***********************]  1 of 1 completed
Fold 1: MAE = 0.003072
Fold 2: MAE = 0.002938
Fold 3: MAE = 0.003025
Fold 4: MAE = 0.002888
Fold 5: MAE = 0.002967
✅ Part I: CV-MAE = 0.002978
Budget 0.5: CV-MAE = 0.009077
Budget 1: CV-MAE = 0.006992
Budget 2: CV-MAE = 0.003520
Budget 5: CV-MAE = 0.002977
Budget 10: CV-MAE = 0.002977
Budget 20: CV-MAE = 0.002977
Budget 50: CV-MAE = 0.002977
✅ Part II: Best budget = 5, CV-MAE = 0.002977

Significant coefficients:
  MA5: -1.3157
  Return_lag1: -0.6889
  Return_lag2: -0.4415
  H_Volatility_0.0128: 0.1720
  H_MA5_0.0081: -0.1168
Fold 1: Coverage = 0.8560, Mean MSIS = 20.9806
Fold 2: Coverage = 0.8940, Mean MSIS = 32.9871
Fold 3: Coverage = 0.8617, Mean MSIS = 31.0091
Fold 4: Coverage = 0.8898, Mean MSIS = 18.7629
Fold 5: Coverage = 0.9078, Mean MSIS = 25.6540
✅ Part III: Coverage = 0.8819, MSIS = 25.8796

======= Analyzing META =======
/Users/justin.hsu/Documents/MSExcelFile/src/main.py:22: FutureWarning: YF.download() has changed argument auto_adjust default to True
  data = yf.download(ticker, start=START_DATE, end=END_DATE, interval="1d")
[*********************100%***********************]  1 of 1 completed
Fold 1: MAE = 0.003633
Fold 2: MAE = 0.003846
Fold 3: MAE = 0.004036
Fold 4: MAE = 0.003627
Fold 5: MAE = 0.003489
✅ Part I: CV-MAE = 0.003726
Budget 0.5: CV-MAE = 0.011310
Budget 1: CV-MAE = 0.008749
Budget 2: CV-MAE = 0.004458
Budget 5: CV-MAE = 0.003727
Budget 10: CV-MAE = 0.003727
Budget 20: CV-MAE = 0.003727
Budget 50: CV-MAE = 0.003727
✅ Part II: Best budget = 10, CV-MAE = 0.003727

Significant coefficients:
  MA5: -1.4109
  Return_lag1: -0.7379
  Return_lag2: -0.4956
  H_MA5_-0.0255: 0.2113
  H_Return_lag1_-0.0089: 0.1432
Fold 1: Coverage = 0.9060, Mean MSIS = 21.1767
Fold 2: Coverage = 0.8820, Mean MSIS = 33.1309
Fold 3: Coverage = 0.8477, Mean MSIS = 53.2990
Fold 4: Coverage = 0.8657, Mean MSIS = 33.1236
Fold 5: Coverage = 0.8898, Mean MSIS = 31.8332
✅ Part III: Coverage = 0.8782, MSIS = 34.5068

======= Analyzing MSFT =======
/Users/justin.hsu/Documents/MSExcelFile/src/main.py:22: FutureWarning: YF.download() has changed argument auto_adjust default to True
  data = yf.download(ticker, start=START_DATE, end=END_DATE, interval="1d")
[*********************100%***********************]  1 of 1 completed
Fold 1: MAE = 0.002856
Fold 2: MAE = 0.002643
Fold 3: MAE = 0.002936
Fold 4: MAE = 0.002829
Fold 5: MAE = 0.002719
✅ Part I: CV-MAE = 0.002796
Budget 0.5: CV-MAE = 0.008533
Budget 1: CV-MAE = 0.006520
Budget 2: CV-MAE = 0.003188
Budget 5: CV-MAE = 0.002798
Budget 10: CV-MAE = 0.002798
Budget 20: CV-MAE = 0.002798
Budget 50: CV-MAE = 0.002798
✅ Part II: Best budget = 5, CV-MAE = 0.002798

Significant coefficients:
  MA5: -1.3163
  Return_lag1: -0.7339
  Return_lag2: -0.4481
  H_Volatility_0.0258: 0.2257
  H_Volatility_0.0122: -0.1920
Fold 1: Coverage = 0.9120, Mean MSIS = 24.6764
Fold 2: Coverage = 0.8220, Mean MSIS = 21.1385
Fold 3: Coverage = 0.7415, Mean MSIS = 25.5261
Fold 4: Coverage = 0.7275, Mean MSIS = 17.7872
Fold 5: Coverage = 0.8537, Mean MSIS = 15.0386
✅ Part III: Coverage = 0.8113, MSIS = 20.8350

======= Analyzing NFLX =======
/Users/justin.hsu/Documents/MSExcelFile/src/main.py:22: FutureWarning: YF.download() has changed argument auto_adjust default to True
  data = yf.download(ticker, start=START_DATE, end=END_DATE, interval="1d")
[*********************100%***********************]  1 of 1 completed
Fold 1: MAE = 0.004382
Fold 2: MAE = 0.004217
Fold 3: MAE = 0.004433
Fold 4: MAE = 0.004339
Fold 5: MAE = 0.004648
✅ Part I: CV-MAE = 0.004404
Budget 0.5: CV-MAE = 0.013251
Budget 1: CV-MAE = 0.010265
Budget 2: CV-MAE = 0.005278
Budget 5: CV-MAE = 0.004408
Budget 10: CV-MAE = 0.004408
Budget 20: CV-MAE = 0.004408
Budget 50: CV-MAE = 0.004408
✅ Part II: Best budget = 20, CV-MAE = 0.004408

Significant coefficients:
  MA5: -1.3608
  Return_lag1: -0.7088
  Return_lag2: -0.4957
  H_Volatility_0.0413: 0.1897
  Volatility: -0.1547
Fold 1: Coverage = 0.8980, Mean MSIS = 28.1672
Fold 2: Coverage = 0.9080, Mean MSIS = 25.4413
Fold 3: Coverage = 0.8597, Mean MSIS = 39.8445
Fold 4: Coverage = 0.9018, Mean MSIS = 35.0438
Fold 5: Coverage = 0.8717, Mean MSIS = 22.7461
✅ Part III: Coverage = 0.8879, MSIS = 30.2458

==================================================
📊 Final Results Summary:
Ticker  CV-MAE_Uncon  Best_Budget  CV-MAE_Best  Coverage      MSIS
  AAPL      0.003000           10     0.003001  0.820552 23.345953
  AMZN      0.003461            5     0.003460  0.870645 22.658341
 GOOGL      0.002978            5     0.002977  0.881864 25.879625
  META      0.003726           10     0.003727  0.878241 34.506791
  MSFT      0.002796            5     0.002798  0.811329 20.834995
  NFLX      0.004404           20     0.004408  0.887853 30.245817

✅ Results saved to result/Project_Results.csv
